<?xml version="1.0" encoding="UTF-8"?>
<testsuite failures="1" tests="6"><testcase classname="TestHTBadgeAudienceTrigger" name="testBadgeAudienceCreation"><Success message="Passed" /></testcase><testcase classname="AcceptRejectReferralLeadController" name="testAcceptLeadFromApac"><Success message="Passed" /></testcase><testcase classname="AcceptRejectReferralLeadController" name="testAcceptLeadFromLaca"><Success message="Passed" /></testcase><testcase classname="AcceptRejectReferralLeadController" name="testAcceptLeadWORegion"><Success message="Passed" /></testcase><testcase classname="AcceptRejectReferralLeadController" name="testCustomSettingValues"><Success message="Passed" /></testcase><testcase classname="AcceptRejectReferralLeadController" name="testRejectLead"><failure message="System.Exception: Assertion Failed: Same value: null">Class.AcceptRejectReferralLeadController.testRejectLead: line 446, column 1</failure></testcase></testsuite>
